<?xml version="1.0" encoding="UTF-8"?>
<testsuite xmlns:xsi="http://www.w3.org/2001/XMLSchema-instance" xsi:noNamespaceSchemaLocation="https://maven.apache.org/surefire/maven-surefire-plugin/xsd/surefire-test-report-3.0.xsd" version="3.0" name="com.smartintern.SmartInternApplicationTests" time="5.463" tests="1" errors="0" skipped="0" failures="0">
  <properties>
[...]
</properties>
  <testcase name="contextLoads" classname="com.smartintern.SmartInternApplicationTests" time="0.015">
    <system-out><![CDATA[15:14:32.083 [main] INFO org.springframework.test.context.support.AnnotationConfigContextLoaderUtils -- Could not detect default configuration classes for test class [com.smartintern.SmartInternApplicationTests]: SmartInternApplicationTests does not declare any static, non-private, non-final, nested classes annotated with @Configuration.
15:14:32.194 [main] INFO org.springframework.boot.test.context.SpringBootTestContextBootstrapper -- Found @SpringBootConfiguration com.smartintern.SmartInternApplication for test class com.smartintern.SmartInternApplicationTests

  .   ____          _            __ _ _
 /\\ / ___'_ __ _ _(_)_ __  __ _ \ \ \ \
( ( )\___ | '_ | '_| | '_ \/ _` | \ \ \ \
 \\/  ___)| |_)| | | | | || (_| |  ) ) ) )
  '  |____| .__|_| |_|_| |_\__, | / / / /
 =========|_|==============|___/=/_/_/_/
 :: Spring Boot ::                (v3.2.3)

2026-03-22T15:14:32.616+01:00  INFO 46116 --- [SmartIntern AI] [           main] c.s.SmartInternApplicationTests          : Starting SmartInternApplicationTests using Java 19.0.2 with PID 46116 (started by djazi in C:\Users\djazi\SmartinternIA)
2026-03-22T15:14:32.617+01:00  INFO 46116 --- [SmartIntern AI] [           main] c.s.SmartInternApplicationTests          : The following 1 profile is active: "test"
2026-03-22T15:14:33.252+01:00  INFO 46116 --- [SmartIntern AI] [           main] .s.d.r.c.RepositoryConfigurationDelegate : Bootstrapping Spring Data JPA repositories in DEFAULT mode.
2026-03-22T15:14:33.323+01:00  INFO 46116 --- [SmartIntern AI] [           main] .s.d.r.c.RepositoryConfigurationDelegate : Finished Spring Data repository scanning in 64 ms. Found 8 JPA repository interfaces.
2026-03-22T15:14:34.082+01:00  INFO 46116 --- [SmartIntern AI] [           main] o.hibernate.jpa.internal.util.LogHelper  : HHH000204: Processing PersistenceUnitInfo [name: default]
2026-03-22T15:14:34.223+01:00  INFO 46116 --- [SmartIntern AI] [           main] org.hibernate.Version                    : HHH000412: Hibernate ORM core version 6.4.4.Final
2026-03-22T15:14:34.263+01:00  INFO 46116 --- [SmartIntern AI] [           main] o.h.c.internal.RegionFactoryInitiator    : HHH000026: Second-level cache disabled
2026-03-22T15:14:34.369+01:00  INFO 46116 --- [SmartIntern AI] [           main] o.s.o.j.p.SpringPersistenceUnitInfo      : No LoadTimeWeaver setup: ignoring JPA class transformer
2026-03-22T15:14:34.396+01:00  INFO 46116 --- [SmartIntern AI] [           main] com.zaxxer.hikari.HikariDataSource       : HikariPool-1 - Starting...
2026-03-22T15:14:34.603+01:00  INFO 46116 --- [SmartIntern AI] [           main] com.zaxxer.hikari.pool.HikariPool        : HikariPool-1 - Added connection conn0: url=jdbc:h2:mem:testdb user=SA
2026-03-22T15:14:34.605+01:00  INFO 46116 --- [SmartIntern AI] [           main] com.zaxxer.hikari.HikariDataSource       : HikariPool-1 - Start completed.
2026-03-22T15:14:34.630+01:00  WARN 46116 --- [SmartIntern AI] [           main] org.hibernate.orm.deprecation            : HHH90000025: H2Dialect does not need to be specified explicitly using 'hibernate.dialect' (remove the property setting and it will be selected by default)
2026-03-22T15:14:35.550+01:00  INFO 46116 --- [SmartIntern AI] [           main] o.h.e.t.j.p.i.JtaPlatformInitiator       : HHH000489: No JTA platform available (set 'hibernate.transaction.jta.platform' to enable JTA platform integration)
Hibernate: 
    drop table if exists competences cascade 
Hibernate: 
    drop table if exists encadrants_academiques cascade 
Hibernate: 
    drop table if exists encadrants_entreprises cascade 
Hibernate: 
    drop table if exists entreprises cascade 
Hibernate: 
    drop table if exists etudiants cascade 
Hibernate: 
    drop table if exists filieres cascade 
Hibernate: 
    drop table if exists offre_competence cascade 
Hibernate: 
    drop table if exists offres cascade 
Hibernate: 
    drop table if exists users cascade 
Hibernate: 
    create table competences (
        id bigint generated by default as identity,
        categorie varchar(255),
        nom varchar(255) not null unique,
        primary key (id)
    )
Hibernate: 
    create table encadrants_academiques (
        id bigint generated by default as identity,
        user_id bigint not null unique,
        departement varchar(255),
        nom varchar(255),
        prenom varchar(255),
        specialite varchar(255),
        primary key (id)
    )
Hibernate: 
    create table encadrants_entreprises (
        entreprise_id bigint,
        id bigint generated by default as identity,
        user_id bigint not null unique,
        nom varchar(255),
        poste varchar(255),
        prenom varchar(255),
        primary key (id)
    )
Hibernate: 
    create table entreprises (
        id bigint generated by default as identity,
        user_id bigint not null unique,
        adresse varchar(255),
        description TEXT,
        nom varchar(255),
        secteur varchar(255),
        telephone varchar(255),
        primary key (id)
    )
Hibernate: 
    create table etudiants (
        filiere_id bigint,
        id bigint generated by default as identity,
        user_id bigint not null unique,
        bio TEXT,
        cv_path varchar(255),
        niveau_academique varchar(255),
        nom varchar(255),
        prenom varchar(255),
        primary key (id)
    )
Hibernate: 
    create table filieres (
        id bigint generated by default as identity,
        nom varchar(255) not null unique,
        primary key (id)
    )
Hibernate: 
    create table offre_competence (
        competence_id bigint not null,
        offre_id bigint not null,
        primary key (competence_id, offre_id)
    )
Hibernate: 
    create table offres (
        active boolean not null,
        remuneration numeric(38,2),
        date_publication timestamp(6) not null,
        entreprise_id bigint not null,
        id bigint generated by default as identity,
        description TEXT not null,
        domaine varchar(255) not null,
        duree varchar(255) not null,
        lieu varchar(255) not null,
        niveau_requis varchar(255) not null,
        titre varchar(255) not null,
        primary key (id)
    )
Hibernate: 
    create table users (
        actif boolean not null,
        date_creation timestamp(6) not null,
        id bigint generated by default as identity,
        reset_token_expiry timestamp(6),
        email varchar(255) not null unique,
        mot_de_passe varchar(255) not null,
        reset_token varchar(255),
        role varchar(255) not null check (role in ('ADMIN','ETUDIANT','ENTREPRISE','ENCADRANT_ACADEMIQUE','ENCADRANT_ENTREPRISE')),
        statut_compte varchar(255) not null check (statut_compte in ('EN_ATTENTE','APPROUVE','REFUSE','SUSPENDU')),
        primary key (id)
    )
Hibernate: 
    alter table if exists encadrants_academiques 
       add constraint FKbmihq8r22k3wq04ai91mvqm8t 
       foreign key (user_id) 
       references users
Hibernate: 
    alter table if exists encadrants_entreprises 
       add constraint FKgy63bi1k2q132ijrjj00ye3b9 
       foreign key (entreprise_id) 
       references entreprises
Hibernate: 
    alter table if exists encadrants_entreprises 
       add constraint FKggiqtcrbub0f241lkw1pe5n0t 
       foreign key (user_id) 
       references users
Hibernate: 
    alter table if exists entreprises 
       add constraint FKq59hb5mo5roq2st6dyxxjjo5i 
       foreign key (user_id) 
       references users
Hibernate: 
    alter table if exists etudiants 
       add constraint FK7eq6v2ircv32llkvdvg6wsom6 
       foreign key (filiere_id) 
       references filieres
Hibernate: 
    alter table if exists etudiants 
       add constraint FKsgxlwybt9svpg1vi17i44695h 
       foreign key (user_id) 
       references users
Hibernate: 
    alter table if exists offre_competence 
       add constraint FKjnomtvct14nix391a8gi3oow7 
       foreign key (competence_id) 
       references competences
Hibernate: 
    alter table if exists offre_competence 
       add constraint FKekokvyn03otfmfod6ha45iy26 
       foreign key (offre_id) 
       references offres
Hibernate: 
    alter table if exists offres 
       add constraint FK9hf923m48chb4p9vy0x38f7xo 
       foreign key (entreprise_id) 
       references entreprises
2026-03-22T15:14:35.628+01:00  INFO 46116 --- [SmartIntern AI] [           main] j.LocalContainerEntityManagerFactoryBean : Initialized JPA EntityManagerFactory for persistence unit 'default'
2026-03-22T15:14:36.648+01:00  WARN 46116 --- [SmartIntern AI] [           main] JpaBaseConfiguration$JpaWebConfiguration : spring.jpa.open-in-view is enabled by default. Therefore, database queries may be performed during view rendering. Explicitly configure spring.jpa.open-in-view to disable this warning
2026-03-22T15:14:36.799+01:00  INFO 46116 --- [SmartIntern AI] [           main] o.s.b.a.w.s.WelcomePageHandlerMapping    : Adding welcome page: class path resource [static/index.html]
2026-03-22T15:14:37.010+01:00  INFO 46116 --- [SmartIntern AI] [           main] o.s.s.web.DefaultSecurityFilterChain     : Will secure any request with [org.springframework.security.web.session.DisableEncodeUrlFilter@445eed0b, org.springframework.security.web.context.request.async.WebAsyncManagerIntegrationFilter@481f2acb, org.springframework.security.web.context.SecurityContextHolderFilter@5d8c9945, org.springframework.security.web.header.HeaderWriterFilter@6e1134e1, org.springframework.web.filter.CorsFilter@2a201aa9, org.springframework.security.web.authentication.logout.LogoutFilter@668b1faf, com.smartintern.security.JwtAuthenticationFilter@413069a0, org.springframework.security.web.savedrequest.RequestCacheAwareFilter@6dc4b990, org.springframework.security.web.servletapi.SecurityContextHolderAwareRequestFilter@4e74adb, org.springframework.security.web.authentication.AnonymousAuthenticationFilter@5402b18c, org.springframework.security.web.session.SessionManagementFilter@410308ff, org.springframework.security.web.access.ExceptionTranslationFilter@32200389, org.springframework.security.web.access.intercept.AuthorizationFilter@721fda59]
2026-03-22T15:14:37.434+01:00  INFO 46116 --- [SmartIntern AI] [           main] c.s.SmartInternApplicationTests          : Started SmartInternApplicationTests in 5.139 seconds (process running for 9.373)
]]></system-out>
  </testcase>
</testsuite>