<?xml version="1.0" encoding="UTF-8"?>
<testsuite xmlns:xsi="http://www.w3.org/2001/XMLSchema-instance" xsi:noNamespaceSchemaLocation="https://maven.apache.org/surefire/maven-surefire-plugin/xsd/surefire-test-report-3.0.xsd" version="3.0" name="com.smartintern.SmartInternApplicationTests" time="3.229" tests="1" errors="0" skipped="0" failures="0">
  <properties>
[...]
</properties>
  <testcase name="contextLoads" classname="com.smartintern.SmartInternApplicationTests" time="0.008">
    <system-out><![CDATA[21:40:43.836 [main] INFO org.springframework.test.context.support.AnnotationConfigContextLoaderUtils -- Could not detect default configuration classes for test class [com.smartintern.SmartInternApplicationTests]: SmartInternApplicationTests does not declare any static, non-private, non-final, nested classes annotated with @Configuration.
21:40:43.911 [main] INFO org.springframework.boot.test.context.SpringBootTestContextBootstrapper -- Found @SpringBootConfiguration com.smartintern.SmartInternApplication for test class com.smartintern.SmartInternApplicationTests

  .   ____          _            __ _ _
 /\\ / ___'_ __ _ _(_)_ __  __ _ \ \ \ \
( ( )\___ | '_ | '_| | '_ \/ _` | \ \ \ \
 \\/  ___)| |_)| | | | | || (_| |  ) ) ) )
  '  |____| .__|_| |_|_| |_\__, | / / / /
 =========|_|==============|___/=/_/_/_/
 :: Spring Boot ::                (v3.2.3)

2026-03-21T21:40:44.195+01:00  INFO 5024 --- [SmartIntern AI] [           main] c.s.SmartInternApplicationTests          : Starting SmartInternApplicationTests using Java 19.0.2 with PID 5024 (started by djazi in C:\Users\djazi\SmartinternIA)
2026-03-21T21:40:44.196+01:00  INFO 5024 --- [SmartIntern AI] [           main] c.s.SmartInternApplicationTests          : The following 1 profile is active: "test"
2026-03-21T21:40:44.636+01:00  INFO 5024 --- [SmartIntern AI] [           main] .s.d.r.c.RepositoryConfigurationDelegate : Bootstrapping Spring Data JPA repositories in DEFAULT mode.
2026-03-21T21:40:44.679+01:00  INFO 5024 --- [SmartIntern AI] [           main] .s.d.r.c.RepositoryConfigurationDelegate : Finished Spring Data repository scanning in 38 ms. Found 4 JPA repository interfaces.
2026-03-21T21:40:45.146+01:00  INFO 5024 --- [SmartIntern AI] [           main] o.hibernate.jpa.internal.util.LogHelper  : HHH000204: Processing PersistenceUnitInfo [name: default]
2026-03-21T21:40:45.208+01:00  INFO 5024 --- [SmartIntern AI] [           main] org.hibernate.Version                    : HHH000412: Hibernate ORM core version 6.4.4.Final
2026-03-21T21:40:45.240+01:00  INFO 5024 --- [SmartIntern AI] [           main] o.h.c.internal.RegionFactoryInitiator    : HHH000026: Second-level cache disabled
2026-03-21T21:40:45.307+01:00  INFO 5024 --- [SmartIntern AI] [           main] o.s.o.j.p.SpringPersistenceUnitInfo      : No LoadTimeWeaver setup: ignoring JPA class transformer
2026-03-21T21:40:45.325+01:00  INFO 5024 --- [SmartIntern AI] [           main] com.zaxxer.hikari.HikariDataSource       : HikariPool-1 - Starting...
2026-03-21T21:40:45.455+01:00  INFO 5024 --- [SmartIntern AI] [           main] com.zaxxer.hikari.pool.HikariPool        : HikariPool-1 - Added connection conn0: url=jdbc:h2:mem:testdb user=SA
2026-03-21T21:40:45.456+01:00  INFO 5024 --- [SmartIntern AI] [           main] com.zaxxer.hikari.HikariDataSource       : HikariPool-1 - Start completed.
2026-03-21T21:40:45.472+01:00  WARN 5024 --- [SmartIntern AI] [           main] org.hibernate.orm.deprecation            : HHH90000025: H2Dialect does not need to be specified explicitly using 'hibernate.dialect' (remove the property setting and it will be selected by default)
2026-03-21T21:40:46.036+01:00  INFO 5024 --- [SmartIntern AI] [           main] o.h.e.t.j.p.i.JtaPlatformInitiator       : HHH000489: No JTA platform available (set 'hibernate.transaction.jta.platform' to enable JTA platform integration)
Hibernate: 
    drop table if exists entreprises cascade 
Hibernate: 
    drop table if exists etudiants cascade 
Hibernate: 
    drop table if exists filieres cascade 
Hibernate: 
    drop table if exists users cascade 
Hibernate: 
    create table entreprises (
        id bigint generated by default as identity,
        user_id bigint not null unique,
        adresse varchar(255),
        description TEXT,
        nom varchar(255),
        secteur varchar(255),
        telephone varchar(255),
        primary key (id)
    )
Hibernate: 
    create table etudiants (
        filiere_id bigint,
        id bigint generated by default as identity,
        user_id bigint not null unique,
        bio TEXT,
        cv_path varchar(255),
        niveau_academique varchar(255),
        nom varchar(255),
        prenom varchar(255),
        primary key (id)
    )
Hibernate: 
    create table filieres (
        id bigint generated by default as identity,
        nom varchar(255) not null unique,
        primary key (id)
    )
Hibernate: 
    create table users (
        actif boolean not null,
        date_creation timestamp(6) not null,
        id bigint generated by default as identity,
        reset_token_expiry timestamp(6),
        email varchar(255) not null unique,
        mot_de_passe varchar(255) not null,
        reset_token varchar(255),
        role varchar(255) not null check (role in ('ADMIN','ETUDIANT','ENTREPRISE','ENCADRANT_ACADEMIQUE','ENCADRANT_ENTREPRISE')),
        statut_compte varchar(255) not null check (statut_compte in ('EN_ATTENTE','APPROUVE','REFUSE','SUSPENDU')),
        primary key (id)
    )
Hibernate: 
    alter table if exists entreprises 
       add constraint FKq59hb5mo5roq2st6dyxxjjo5i 
       foreign key (user_id) 
       references users
Hibernate: 
    alter table if exists etudiants 
       add constraint FK7eq6v2ircv32llkvdvg6wsom6 
       foreign key (filiere_id) 
       references filieres
Hibernate: 
    alter table if exists etudiants 
       add constraint FKsgxlwybt9svpg1vi17i44695h 
       foreign key (user_id) 
       references users
2026-03-21T21:40:46.075+01:00  INFO 5024 --- [SmartIntern AI] [           main] j.LocalContainerEntityManagerFactoryBean : Initialized JPA EntityManagerFactory for persistence unit 'default'
2026-03-21T21:40:46.567+01:00  WARN 5024 --- [SmartIntern AI] [           main] JpaBaseConfiguration$JpaWebConfiguration : spring.jpa.open-in-view is enabled by default. Therefore, database queries may be performed during view rendering. Explicitly configure spring.jpa.open-in-view to disable this warning
2026-03-21T21:40:46.770+01:00  INFO 5024 --- [SmartIntern AI] [           main] o.s.s.web.DefaultSecurityFilterChain     : Will secure any request with [org.springframework.security.web.session.DisableEncodeUrlFilter@58d291c1, org.springframework.security.web.context.request.async.WebAsyncManagerIntegrationFilter@c7a7d3, org.springframework.security.web.context.SecurityContextHolderFilter@7a36c310, org.springframework.security.web.header.HeaderWriterFilter@31e5378b, org.springframework.web.filter.CorsFilter@79462469, org.springframework.security.web.authentication.logout.LogoutFilter@39d666e0, com.smartintern.security.JwtAuthenticationFilter@56527ff2, org.springframework.security.web.savedrequest.RequestCacheAwareFilter@3bd69a51, org.springframework.security.web.servletapi.SecurityContextHolderAwareRequestFilter@36f329e7, org.springframework.security.web.authentication.AnonymousAuthenticationFilter@3341ba8e, org.springframework.security.web.session.SessionManagementFilter@22523986, org.springframework.security.web.access.ExceptionTranslationFilter@4f7db06c, org.springframework.security.web.access.intercept.AuthorizationFilter@4c66b3d9]
2026-03-21T21:40:47.025+01:00  INFO 5024 --- [SmartIntern AI] [           main] c.s.SmartInternApplicationTests          : Started SmartInternApplicationTests in 3.033 seconds (process running for 6.249)
]]></system-out>
  </testcase>
</testsuite>